c:\users\miibotree\documents\visual studio 2010\Projects\Leafsnap\Debug\Leafsnap.exe
c:\users\miibotree\documents\visual studio 2010\Projects\Leafsnap\Debug\Leafsnap.ilk
c:\users\miibotree\documents\visual studio 2010\Projects\Leafsnap\Debug\Leafsnap.pdb
c:\Users\miibotree\documents\visual studio 2010\Projects\Leafsnap\Leafsnap\Debug\cl.command.1.tlog
c:\Users\miibotree\documents\visual studio 2010\Projects\Leafsnap\Leafsnap\Debug\CL.read.1.tlog
c:\Users\miibotree\documents\visual studio 2010\Projects\Leafsnap\Leafsnap\Debug\CL.write.1.tlog
C:\USERS\MIIBOTREE\DOCUMENTS\VISUAL STUDIO 2010\PROJECTS\LEAFSNAP\LEAFSNAP\DEBUG\LEAFSNAP.EXE.EMBED.MANIFEST
C:\USERS\MIIBOTREE\DOCUMENTS\VISUAL STUDIO 2010\PROJECTS\LEAFSNAP\LEAFSNAP\DEBUG\LEAFSNAP.EXE.EMBED.MANIFEST.RES
c:\Users\miibotree\documents\visual studio 2010\Projects\Leafsnap\Leafsnap\Debug\Leafsnap.exe.intermediate.manifest
c:\Users\miibotree\documents\visual studio 2010\Projects\Leafsnap\Leafsnap\Debug\Leafsnap.write.1.tlog
c:\Users\miibotree\documents\visual studio 2010\Projects\Leafsnap\Leafsnap\Debug\Leafsnap_manifest.rc
c:\Users\miibotree\documents\visual studio 2010\Projects\Leafsnap\Leafsnap\Debug\link.1992.read.1.tlog
c:\Users\miibotree\documents\visual studio 2010\Projects\Leafsnap\Leafsnap\Debug\link.1992.write.1.tlog
c:\Users\miibotree\documents\visual studio 2010\Projects\Leafsnap\Leafsnap\Debug\link.1992-cvtres.read.1.tlog
c:\Users\miibotree\documents\visual studio 2010\Projects\Leafsnap\Leafsnap\Debug\link.1992-cvtres.write.1.tlog
c:\Users\miibotree\documents\visual studio 2010\Projects\Leafsnap\Leafsnap\Debug\link.command.1.tlog
c:\Users\miibotree\documents\visual studio 2010\Projects\Leafsnap\Leafsnap\Debug\link.read.1.tlog
c:\Users\miibotree\documents\visual studio 2010\Projects\Leafsnap\Leafsnap\Debug\link.write.1.tlog
c:\Users\miibotree\documents\visual studio 2010\Projects\Leafsnap\Leafsnap\Debug\link-cvtres.read.1.tlog
c:\Users\miibotree\documents\visual studio 2010\Projects\Leafsnap\Leafsnap\Debug\link-cvtres.write.1.tlog
C:\USERS\MIIBOTREE\DOCUMENTS\VISUAL STUDIO 2010\PROJECTS\LEAFSNAP\LEAFSNAP\DEBUG\MAIN.OBJ
c:\Users\miibotree\documents\visual studio 2010\Projects\Leafsnap\Leafsnap\Debug\mt.command.1.tlog
c:\Users\miibotree\documents\visual studio 2010\Projects\Leafsnap\Leafsnap\Debug\mt.read.1.tlog
c:\Users\miibotree\documents\visual studio 2010\Projects\Leafsnap\Leafsnap\Debug\mt.write.1.tlog
c:\Users\miibotree\documents\visual studio 2010\Projects\Leafsnap\Leafsnap\Debug\rc.command.1.tlog
c:\Users\miibotree\documents\visual studio 2010\Projects\Leafsnap\Leafsnap\Debug\rc.read.1.tlog
c:\Users\miibotree\documents\visual studio 2010\Projects\Leafsnap\Leafsnap\Debug\rc.write.1.tlog
c:\Users\miibotree\documents\visual studio 2010\Projects\Leafsnap\Leafsnap\Debug\vc100.idb
C:\USERS\MIIBOTREE\DOCUMENTS\VISUAL STUDIO 2010\PROJECTS\LEAFSNAP\LEAFSNAP\DEBUG\VC100.PDB
