生成启动时间为 2015/7/7 16:42:38。
     1>项目“c:\Users\miibotree\documents\visual studio 2010\Projects\Leafsnap\Leafsnap\Leafsnap.vcxproj”在节点 2 上(rebuild 个目标)。
     1>_PrepareForClean:
         正在删除文件“Debug\Leafsnap.lastbuildstate”。
       InitializeBuildStatus:
         正在对“Debug\Leafsnap.unsuccessfulbuild”执行 Touch 任务。
       ClCompile:
         D:\VS2010\VC\bin\CL.exe /c /ZI /nologo /W3 /WX- /Od /Oy- /D WIN32 /D _DEBUG /D _CONSOLE /D _UNICODE /D UNICODE /Gm /EHsc /RTC1 /MDd /GS /fp:precise /Zc:wchar_t /Zc:forScope /Fo"Debug\\" /Fd"Debug\vc100.pdb" /Gd /TP /analyze- /errorReport:prompt main.cpp
         main.cpp
       ManifestResourceCompile:
         C:\Program Files\Microsoft SDKs\Windows\v7.0A\bin\rc.exe /nologo /fo"Debug\Leafsnap.exe.embed.manifest.res" Debug\Leafsnap_manifest.rc 
       Link:
         D:\VS2010\VC\bin\link.exe /ERRORREPORT:PROMPT /OUT:"c:\users\miibotree\documents\visual studio 2010\Projects\Leafsnap\Debug\Leafsnap.exe" /INCREMENTAL /NOLOGO opencv_calib3d2411.lib opencv_contrib2411.lib opencv_core2411.lib opencv_features2d2411.lib opencv_flann2411.lib opencv_gpu2411.lib opencv_highgui2411.lib opencv_imgproc2411.lib opencv_legacy2411.lib opencv_ml2411.lib opencv_nonfree2411.lib opencv_objdetect2411.lib opencv_ocl2411.lib opencv_photo2411.lib opencv_stitching2411.lib opencv_superres2411.lib opencv_ts2411.lib opencv_video2411.lib opencv_videostab2411.lib opencv_calib3d2411d.lib opencv_contrib2411d.lib opencv_core2411d.lib opencv_features2d2411d.lib opencv_flann2411d.lib opencv_gpu2411d.lib opencv_highgui2411d.lib opencv_imgproc2411d.lib opencv_legacy2411d.lib opencv_ml2411d.lib opencv_nonfree2411d.lib opencv_objdetect2411d.lib opencv_ocl2411d.lib opencv_photo2411d.lib opencv_stitching2411d.lib opencv_superres2411d.lib opencv_ts2411d.lib opencv_video2411d.lib opencv_videostab2411d.lib kernel32.lib user32.lib gdi32.lib winspool.lib comdlg32.lib advapi32.lib shell32.lib ole32.lib oleaut32.lib uuid.lib odbc32.lib odbccp32.lib /MANIFEST /ManifestFile:"Debug\Leafsnap.exe.intermediate.manifest" /MANIFESTUAC:"level='asInvoker' uiAccess='false'" /DEBUG /PDB:"c:\users\miibotree\documents\visual studio 2010\Projects\Leafsnap\Debug\Leafsnap.pdb" /SUBSYSTEM:CONSOLE /TLBID:1 /DYNAMICBASE /NXCOMPAT /IMPLIB:"c:\users\miibotree\documents\visual studio 2010\Projects\Leafsnap\Debug\Leafsnap.lib" /MACHINE:X86 Debug\Leafsnap.exe.embed.manifest.res
         Debug\main.obj
       Manifest:
         正在删除文件“Debug\Leafsnap.exe.embed.manifest”。
         C:\Program Files\Microsoft SDKs\Windows\v7.0A\bin\mt.exe /nologo /verbose /out:"Debug\Leafsnap.exe.embed.manifest" /manifest Debug\Leafsnap.exe.intermediate.manifest
         C:\Program Files\Microsoft SDKs\Windows\v7.0A\bin\rc.exe /nologo /fo"Debug\Leafsnap.exe.embed.manifest.res" Debug\Leafsnap_manifest.rc 
       LinkEmbedManifest:
         D:\VS2010\VC\bin\link.exe /ERRORREPORT:PROMPT /OUT:"c:\users\miibotree\documents\visual studio 2010\Projects\Leafsnap\Debug\Leafsnap.exe" /INCREMENTAL /NOLOGO opencv_calib3d2411.lib opencv_contrib2411.lib opencv_core2411.lib opencv_features2d2411.lib opencv_flann2411.lib opencv_gpu2411.lib opencv_highgui2411.lib opencv_imgproc2411.lib opencv_legacy2411.lib opencv_ml2411.lib opencv_nonfree2411.lib opencv_objdetect2411.lib opencv_ocl2411.lib opencv_photo2411.lib opencv_stitching2411.lib opencv_superres2411.lib opencv_ts2411.lib opencv_video2411.lib opencv_videostab2411.lib opencv_calib3d2411d.lib opencv_contrib2411d.lib opencv_core2411d.lib opencv_features2d2411d.lib opencv_flann2411d.lib opencv_gpu2411d.lib opencv_highgui2411d.lib opencv_imgproc2411d.lib opencv_legacy2411d.lib opencv_ml2411d.lib opencv_nonfree2411d.lib opencv_objdetect2411d.lib opencv_ocl2411d.lib opencv_photo2411d.lib opencv_stitching2411d.lib opencv_superres2411d.lib opencv_ts2411d.lib opencv_video2411d.lib opencv_videostab2411d.lib kernel32.lib user32.lib gdi32.lib winspool.lib comdlg32.lib advapi32.lib shell32.lib ole32.lib oleaut32.lib uuid.lib odbc32.lib odbccp32.lib /MANIFEST /ManifestFile:"Debug\Leafsnap.exe.intermediate.manifest" /MANIFESTUAC:"level='asInvoker' uiAccess='false'" /DEBUG /PDB:"c:\users\miibotree\documents\visual studio 2010\Projects\Leafsnap\Debug\Leafsnap.pdb" /SUBSYSTEM:CONSOLE /TLBID:1 /DYNAMICBASE /NXCOMPAT /IMPLIB:"c:\users\miibotree\documents\visual studio 2010\Projects\Leafsnap\Debug\Leafsnap.lib" /MACHINE:X86 Debug\Leafsnap.exe.embed.manifest.res
         Debug\main.obj
         Leafsnap.vcxproj -> c:\users\miibotree\documents\visual studio 2010\Projects\Leafsnap\Debug\Leafsnap.exe
       FinalizeBuildStatus:
         正在删除文件“Debug\Leafsnap.unsuccessfulbuild”。
         正在对“Debug\Leafsnap.lastbuildstate”执行 Touch 任务。
     1>已完成生成项目“c:\Users\miibotree\documents\visual studio 2010\Projects\Leafsnap\Leafsnap\Leafsnap.vcxproj”(rebuild 个目标)的操作。

生成成功。

已用时间 00:00:02.38
