C:\USERS\MIIBOTREE\DOCUMENTS\VISUAL STUDIO 2010\PROJECTS\LEAFSNAP\DEBUG\LEAFSNAP.EXE
C:\USERS\MIIBOTREE\DOCUMENTS\VISUAL STUDIO 2010\PROJECTS\LEAFSNAP\DEBUG\LEAFSNAP.ILK
C:\USERS\MIIBOTREE\DOCUMENTS\VISUAL STUDIO 2010\PROJECTS\LEAFSNAP\DEBUG\LEAFSNAP.PDB
C:\Users\miibotree\documents\visual studio 2010\Projects\Leafsnap\Leafsnap\Debug\cl.command.1.tlog
C:\Users\miibotree\documents\visual studio 2010\Projects\Leafsnap\Leafsnap\Debug\CL.read.1.tlog
C:\Users\miibotree\documents\visual studio 2010\Projects\Leafsnap\Leafsnap\Debug\CL.write.1.tlog
C:\USERS\MIIBOTREE\DOCUMENTS\VISUAL STUDIO 2010\PROJECTS\LEAFSNAP\LEAFSNAP\DEBUG\CUTFPREGION.OBJ
C:\USERS\MIIBOTREE\DOCUMENTS\VISUAL STUDIO 2010\PROJECTS\LEAFSNAP\LEAFSNAP\DEBUG\GRB2SV.OBJ
C:\USERS\MIIBOTREE\DOCUMENTS\VISUAL STUDIO 2010\PROJECTS\LEAFSNAP\LEAFSNAP\DEBUG\LEAFSNAP.EXE.EMBED.MANIFEST
C:\USERS\MIIBOTREE\DOCUMENTS\VISUAL STUDIO 2010\PROJECTS\LEAFSNAP\LEAFSNAP\DEBUG\LEAFSNAP.EXE.EMBED.MANIFEST.RES
C:\USERS\MIIBOTREE\DOCUMENTS\VISUAL STUDIO 2010\PROJECTS\LEAFSNAP\LEAFSNAP\DEBUG\LEAFSNAP.EXE.INTERMEDIATE.MANIFEST
C:\Users\miibotree\documents\visual studio 2010\Projects\Leafsnap\Leafsnap\Debug\Leafsnap.write.1.tlog
C:\Users\miibotree\documents\visual studio 2010\Projects\Leafsnap\Leafsnap\Debug\Leafsnap_manifest.rc
C:\Users\miibotree\documents\visual studio 2010\Projects\Leafsnap\Leafsnap\Debug\link.7396.read.1.tlog
C:\Users\miibotree\documents\visual studio 2010\Projects\Leafsnap\Leafsnap\Debug\link.7396.write.1.tlog
C:\Users\miibotree\documents\visual studio 2010\Projects\Leafsnap\Leafsnap\Debug\link.7396-cvtres.read.1.tlog
C:\Users\miibotree\documents\visual studio 2010\Projects\Leafsnap\Leafsnap\Debug\link.7396-cvtres.write.1.tlog
C:\Users\miibotree\documents\visual studio 2010\Projects\Leafsnap\Leafsnap\Debug\link.command.1.tlog
C:\Users\miibotree\documents\visual studio 2010\Projects\Leafsnap\Leafsnap\Debug\link.read.1.tlog
C:\Users\miibotree\documents\visual studio 2010\Projects\Leafsnap\Leafsnap\Debug\link.write.1.tlog
C:\Users\miibotree\documents\visual studio 2010\Projects\Leafsnap\Leafsnap\Debug\link-cvtres.read.1.tlog
C:\Users\miibotree\documents\visual studio 2010\Projects\Leafsnap\Leafsnap\Debug\link-cvtres.write.1.tlog
C:\USERS\MIIBOTREE\DOCUMENTS\VISUAL STUDIO 2010\PROJECTS\LEAFSNAP\LEAFSNAP\DEBUG\MAIN.OBJ
C:\Users\miibotree\documents\visual studio 2010\Projects\Leafsnap\Leafsnap\Debug\mt.command.1.tlog
C:\Users\miibotree\documents\visual studio 2010\Projects\Leafsnap\Leafsnap\Debug\mt.read.1.tlog
C:\Users\miibotree\documents\visual studio 2010\Projects\Leafsnap\Leafsnap\Debug\mt.write.1.tlog
C:\Users\miibotree\documents\visual studio 2010\Projects\Leafsnap\Leafsnap\Debug\rc.command.1.tlog
C:\Users\miibotree\documents\visual studio 2010\Projects\Leafsnap\Leafsnap\Debug\rc.read.1.tlog
C:\Users\miibotree\documents\visual studio 2010\Projects\Leafsnap\Leafsnap\Debug\rc.write.1.tlog
C:\USERS\MIIBOTREE\DOCUMENTS\VISUAL STUDIO 2010\PROJECTS\LEAFSNAP\LEAFSNAP\DEBUG\SVM_EXAMPLE.OBJ
C:\USERS\MIIBOTREE\DOCUMENTS\VISUAL STUDIO 2010\PROJECTS\LEAFSNAP\LEAFSNAP\DEBUG\TRAINEM.OBJ
C:\Users\miibotree\documents\visual studio 2010\Projects\Leafsnap\Leafsnap\Debug\vc100.idb
C:\USERS\MIIBOTREE\DOCUMENTS\VISUAL STUDIO 2010\PROJECTS\LEAFSNAP\LEAFSNAP\DEBUG\VC100.PDB
